#
# A fatal error has been detected by the Java Runtime Environment:
#
#  EXCEPTION_ACCESS_VIOLATION (0xc0000005) at pc=0x000000006b283310, pid=30860, tid=31524
#
# JRE version: OpenJDK Runtime Environment (16.0.1+9) (build 16.0.1+9-24)
# Java VM: OpenJDK 64-Bit Server VM (16.0.1+9-24, mixed mode, sharing, tiered, compressed oops, compressed class ptrs, g1 gc, windows-amd64)
# Problematic frame:
# C  [libreversi_game_engine15689945403302710161.dll+0x3310]
#
# No core dump will be written. Minidumps are not enabled by default on client versions of Windows
#
# If you would like to submit a bug report, please visit:
#   https://bugreport.java.com/bugreport/crash.jsp
# The crash happened outside the Java Virtual Machine in native code.
# See problematic frame for where to report the bug.
#

---------------  S U M M A R Y ------------

Command Line: -javaagent:C:\Program Files\JetBrains\IntelliJ IDEA Community Edition 2020.3.1\lib\idea_rt.jar=57588:C:\Program Files\JetBrains\IntelliJ IDEA Community Edition 2020.3.1\bin -Dfile.encoding=UTF-8 reversi.game.Game

Host: Intel(R) Core(TM) i7-8565U CPU @ 1.80GHz, 8 cores, 15G,  Windows 10 , 64 bit Build 18362 (10.0.18362.329)
Time: Thu May  6 03:03:27 2021 Hora de verano central (México) elapsed time: 21.452640 seconds (0d 0h 0m 21s)

---------------  T H R E A D  ---------------

Current thread (0x000001c7c5c6d330):  JavaThread "main" [_thread_in_native, id=31524, stack(0x000000b678a00000,0x000000b678b00000)]

Stack: [0x000000b678a00000,0x000000b678b00000],  sp=0x000000b678aff160,  free space=1020k
Native frames: (J=compiled Java code, j=interpreted, Vv=VM code, C=native code)
C  [libreversi_game_engine15689945403302710161.dll+0x3310]

Java frames: (J=compiled Java code, j=interpreted, Vv=VM code)
j  reversi.gameengine.reversi_game_engineJNI.destructBoard(JLreversi/gameengine/Board;)V+0
j  reversi.gameengine.reversi_game_engine.destructBoard(Lreversi/gameengine/Board;)V+5
j  reversi.graphicengine.GraphicEngine.drawGame()V+261
j  reversi.game.Game.main([Ljava/lang/String;)V+16
v  ~StubRoutines::call_stub

siginfo: EXCEPTION_ACCESS_VIOLATION (0xc0000005), reading address 0x0000000000000000


Register to memory mapping:

RIP=0x000000006b283310 libreversi_game_engine15689945403302710161.dll
RAX=0x0 is NULL
RBX=0x000001c7c3c91b80 points into unknown readable memory: 0x0000000000000000 | 00 00 00 00 00 00 00 00
RCX=0x000001c7c3c91b80 points into unknown readable memory: 0x0000000000000000 | 00 00 00 00 00 00 00 00
RDX=0x0 is NULL
RSP=0x000000b678aff160 is pointing into the stack for thread: 0x000001c7c5c6d330
RBP=0x000000b678aff220 is pointing into the stack for thread: 0x000001c7c5c6d330
RSI=0x0000000000000001 is an unknown value
RDI=0x0 is NULL
R8 =0x000001c7c3c91b80 points into unknown readable memory: 0x0000000000000000 | 00 00 00 00 00 00 00 00
R9 =0x000000b678aff240 is pointing into the stack for thread: 0x000001c7c5c6d330
R10=0x000001c7cd3ddcf3 is at code_begin+979 in an Interpreter codelet
method entry point (kind = native)  [0x000001c7cd3dd920, 0x000001c7cd3de300]  2528 bytes
R11=0x00000007126e6738 is an oop: java.lang.Class 
{0x00000007126e6738} - klass: 'java/lang/Class'
R12=0x0 is NULL
R13={method} {0x000001c7e8c21a60} 'destructBoard' '(JLreversi/gameengine/Board;)V' in 'reversi/gameengine/reversi_game_engineJNI'
R14=0x000000b678aff250 is pointing into the stack for thread: 0x000001c7c5c6d330
R15=0x000001c7c5c6d330 is a thread


Registers:
RAX=0x0000000000000000, RBX=0x000001c7c3c91b80, RCX=0x000001c7c3c91b80, RDX=0x0000000000000000
RSP=0x000000b678aff160, RBP=0x000000b678aff220, RSI=0x0000000000000001, RDI=0x0000000000000000
R8 =0x000001c7c3c91b80, R9 =0x000000b678aff240, R10=0x000001c7cd3ddcf3, R11=0x00000007126e6738
R12=0x0000000000000000, R13=0x000001c7e8c21a58, R14=0x000000b678aff250, R15=0x000001c7c5c6d330
RIP=0x000000006b283310, EFLAGS=0x0000000000010202

Top of Stack: (sp=0x000000b678aff160)
0x000000b678aff160:   6363757320646573 796c6c7566737365
0x000000b678aff170:   000000000000000a 0000000000000000
0x000000b678aff180:   000001c7e8c21a58 0000000000000148
0x000000b678aff190:   00000000000008ba 000001c7cd3ddd22
0x000000b678aff1a0:   0000000000000000 0000000000000000
0x000000b678aff1b0:   0000000000000000 0000000000000000
0x000000b678aff1c0:   0000000000000000 0000000000000000
0x000000b678aff1d0:   0000131c1c36a2c7 000000b678aff1d8
0x000000b678aff1e0:   0000000000000000 000000b678aff250
0x000000b678aff1f0:   000001c7e8c21ee0 0000000000000000
0x000000b678aff200:   00000007126e6738 000001c7e8c21a58
0x000000b678aff210:   0000000000000000 000000b678aff240
0x000000b678aff220:   000000b678aff2a0 000001c7cd3d9512
0x000000b678aff230:   00000007126e6738 000001c7cd3db2d8
0x000000b678aff240:   00000007126e3c08 000001c7c3c91b80
0x000000b678aff250:   0000000000000000 000000b678aff258 

Instructions: (pc=0x000000006b283310)
0x000000006b283210:   48 8d 44 24 40 45 31 e4 48 89 44 24 28 0f 1f 00
0x000000006b283220:   45 89 e6 4f 8b 7c e5 00 31 ed eb 10 0f 1f 40 00
0x000000006b283230:   48 8d 45 01 48 39 ee 74 4c 48 89 c5 41 8b 14 af
0x000000006b283240:   89 e8 85 d2 74 05 83 fa 03 75 e5 c7 44 24 54 02
0x000000006b283250:   00 00 00 48 89 d9 44 89 74 24 58 48 8b 54 24 54
0x000000006b283260:   89 44 24 5c 89 44 24 48 48 89 54 24 40 48 8b 54
0x000000006b283270:   24 28 e8 f9 eb ff ff 3c 01 48 8d 45 01 83 df ff
0x000000006b283280:   48 39 ee 75 b4 49 8d 44 24 01 4c 39 e6 74 05 49
0x000000006b283290:   89 c4 eb 8c 85 ff 0f 85 a0 fe ff ff 41 bf 06 00
0x000000006b2832a0:   00 00 e9 b9 fe ff ff 66 0f 1f 84 00 00 00 00 00
0x000000006b2832b0:   45 85 f6 44 0f 45 7c 24 34 e9 a2 fe ff ff 66 90
0x000000006b2832c0:   85 c0 7e 1c 80 7b 41 00 41 bf 02 00 00 00 0f 85
0x000000006b2832d0:   8c fe ff ff eb c6 66 2e 0f 1f 84 00 00 00 00 00
0x000000006b2832e0:   c7 44 24 34 02 00 00 00 e9 8f fe ff ff 0f 1f 00
0x000000006b2832f0:   57 56 53 48 83 ec 20 31 f6 8b 41 30 85 c0 48 89
0x000000006b283300:   cb 7e 4b 48 8b 03 31 d2 48 8d 3c f0 48 83 c6 01
0x000000006b283310:   48 8b 0f e8 b0 ea 00 00 48 89 07 8b 43 30 39 f0
0x000000006b283320:   7f e1 85 c0 7e 28 31 f6 0f 1f 84 00 00 00 00 00
0x000000006b283330:   48 8b 43 38 31 d2 48 8d 3c f0 48 83 c6 01 48 8b
0x000000006b283340:   0f e8 82 ea 00 00 39 73 30 48 89 07 7f e2 48 8b
0x000000006b283350:   0b 31 d2 e8 70 ea 00 00 48 8b 4b 38 31 d2 48 89
0x000000006b283360:   03 e8 62 ea 00 00 48 8b 4b 10 31 d2 48 c7 03 00
0x000000006b283370:   00 00 00 e8 50 ea 00 00 48 8b 4b 18 31 d2 48 89
0x000000006b283380:   43 10 e8 41 ea 00 00 48 89 43 18 48 83 c4 20 5b
0x000000006b283390:   5e 5f c3 0f 1f 00 66 2e 0f 1f 84 00 00 00 00 00
0x000000006b2833a0:   53 48 83 ec 20 48 89 cb 48 8b 49 18 e8 57 ea 00
0x000000006b2833b0:   00 b9 0c 00 00 00 e8 35 ea 00 00 c7 43 28 00 00
0x000000006b2833c0:   00 00 48 89 43 18 48 83 c4 20 5b c3 0f 1f 40 00
0x000000006b2833d0:   41 57 41 56 41 55 41 54 55 57 56 53 48 81 ec 28
0x000000006b2833e0:   01 00 00 31 f6 4c 63 7a 08 8b 7a 04 8b 1a 48 89
0x000000006b2833f0:   8c 24 70 01 00 00 48 8b 84 24 70 01 00 00 48 8d
0x000000006b283400:   8c 24 d0 00 00 00 48 8d 94 24 80 00 00 00 48 89 


Stack slot to memory mapping:
stack at sp + 0 slots: 0x6363757320646573 is an unknown value
stack at sp + 1 slots: 0x796c6c7566737365 is an unknown value
stack at sp + 2 slots: 0x000000000000000a is an unknown value
stack at sp + 3 slots: 0x0 is NULL
stack at sp + 4 slots: {method} {0x000001c7e8c21a60} 'destructBoard' '(JLreversi/gameengine/Board;)V' in 'reversi/gameengine/reversi_game_engineJNI'
stack at sp + 5 slots: 0x0000000000000148 is an unknown value
stack at sp + 6 slots: 0x00000000000008ba is an unknown value
stack at sp + 7 slots: 0x000001c7cd3ddd22 is at code_begin+1026 in an Interpreter codelet
method entry point (kind = native)  [0x000001c7cd3dd920, 0x000001c7cd3de300]  2528 bytes


---------------  P R O C E S S  ---------------

Threads class SMR info:
_java_thread_list=0x000001c7e9893a10, length=14, elements={
0x000001c7c5c6d330, 0x000001c7e8790c90, 0x000001c7e8792070, 0x000001c7e879d990,
0x000001c7e87a03b0, 0x000001c7e87a0cc0, 0x000001c7e87a2310, 0x000001c7e87ad720,
0x000001c7e87b3d60, 0x000001c7e87be6d0, 0x000001c7e9201cd0, 0x000001c7e93c2e70,
0x000001c7e93c46e0, 0x000001c7e9891980
}

Java Threads: ( => current thread )
=>0x000001c7c5c6d330 JavaThread "main" [_thread_in_native, id=31524, stack(0x000000b678a00000,0x000000b678b00000)]
  0x000001c7e8790c90 JavaThread "Reference Handler" daemon [_thread_blocked, id=23932, stack(0x000000b679100000,0x000000b679200000)]
  0x000001c7e8792070 JavaThread "Finalizer" daemon [_thread_blocked, id=30736, stack(0x000000b679200000,0x000000b679300000)]
  0x000001c7e879d990 JavaThread "Signal Dispatcher" daemon [_thread_blocked, id=30792, stack(0x000000b679300000,0x000000b679400000)]
  0x000001c7e87a03b0 JavaThread "Attach Listener" daemon [_thread_blocked, id=15352, stack(0x000000b679400000,0x000000b679500000)]
  0x000001c7e87a0cc0 JavaThread "Service Thread" daemon [_thread_blocked, id=31672, stack(0x000000b679500000,0x000000b679600000)]
  0x000001c7e87a2310 JavaThread "Monitor Deflation Thread" daemon [_thread_blocked, id=23200, stack(0x000000b679600000,0x000000b679700000)]
  0x000001c7e87ad720 JavaThread "C2 CompilerThread0" daemon [_thread_blocked, id=10128, stack(0x000000b679700000,0x000000b679800000)]
  0x000001c7e87b3d60 JavaThread "C1 CompilerThread0" daemon [_thread_blocked, id=30516, stack(0x000000b679800000,0x000000b679900000)]
  0x000001c7e87be6d0 JavaThread "Sweeper thread" daemon [_thread_blocked, id=17940, stack(0x000000b679900000,0x000000b679a00000)]
  0x000001c7e9201cd0 JavaThread "Common-Cleaner" daemon [_thread_blocked, id=20816, stack(0x000000b679a00000,0x000000b679b00000)]
  0x000001c7e93c2e70 JavaThread "Monitor Ctrl-Break" daemon [_thread_in_native, id=27248, stack(0x000000b679c00000,0x000000b679d00000)]
  0x000001c7e93c46e0 JavaThread "Notification Thread" daemon [_thread_blocked, id=8452, stack(0x000000b679d00000,0x000000b679e00000)]
  0x000001c7e9891980 JavaThread "JavaCPP Deallocator" daemon [_thread_blocked, id=9748, stack(0x000000b679b00000,0x000000b679c00000)]

Other Threads:
  0x000001c7e878bd30 VMThread "VM Thread" [stack: 0x000000b679000000,0x000000b679100000] [id=19460]
  0x000001c7c5c6e7c0 WatcherThread [stack: 0x000000b679e00000,0x000000b679f00000] [id=8240]
  0x000001c7c5cbe640 GCTaskThread "GC Thread#0" [stack: 0x000000b678b00000,0x000000b678c00000] [id=2280]
  0x000001c7c5cd12b0 ConcurrentGCThread "G1 Main Marker" [stack: 0x000000b678c00000,0x000000b678d00000] [id=30496]
  0x000001c7c5cd1c30 ConcurrentGCThread "G1 Conc#0" [stack: 0x000000b678d00000,0x000000b678e00000] [id=3336]
  0x000001c7e86540e0 ConcurrentGCThread "G1 Refine#0" [stack: 0x000000b678e00000,0x000000b678f00000] [id=3472]
  0x000001c7e8654a70 ConcurrentGCThread "G1 Service" [stack: 0x000000b678f00000,0x000000b679000000] [id=13476]

Threads with active compile tasks:

VM state: not at safepoint (normal execution)

VM Mutex/Monitor currently owned by a thread: None

Heap address: 0x0000000703000000, size: 4048 MB, Compressed Oops mode: Zero based, Oop shift amount: 3

CDS archive(s) mapped at: [0x0000000800000000-0x0000000800bb0000-0x0000000800bb0000), size 12255232, SharedBaseAddress: 0x0000000800000000, ArchiveRelocationMode: 0.
Compressed class space mapped at: 0x0000000800c00000-0x0000000840c00000, reserved size: 1073741824
Narrow klass base: 0x0000000800000000, Narrow klass shift: 3, Narrow klass range: 0x100000000

GC Precious Log:
 CPUs: 8 total, 8 available
 Memory: 16190M
 Large Page Support: Disabled
 NUMA Support: Disabled
 Compressed Oops: Enabled (Zero based)
 Heap Region Size: 2M
 Heap Min Capacity: 8M
 Heap Initial Capacity: 254M
 Heap Max Capacity: 4048M
 Pre-touch: Disabled
 Parallel Workers: 8
 Concurrent Workers: 2
 Concurrent Refinement Workers: 8
 Periodic GC: Disabled

Heap:
 garbage-first heap   total 260096K, used 12288K [0x0000000703000000, 0x0000000800000000)
  region size 2048K, 7 young (14336K), 0 survivors (0K)
 Metaspace       used 3422K, committed 3584K, reserved 1056768K
  class space    used 331K, committed 384K, reserved 1048576K

Heap Regions: E=young(eden), S=young(survivor), O=old, HS=humongous(starts), HC=humongous(continues), CS=collection set, F=free, OA=open archive, CA=closed archive, TAMS=top-at-mark-start (previous, next)
|   0|0x0000000703000000, 0x0000000703200000, 0x0000000703200000|100%|HS|  |TAMS 0x0000000703000000, 0x0000000703000000| Complete 
|   1|0x0000000703200000, 0x0000000703200000, 0x0000000703400000|  0%| F|  |TAMS 0x0000000703200000, 0x0000000703200000| Untracked 
|   2|0x0000000703400000, 0x0000000703400000, 0x0000000703600000|  0%| F|  |TAMS 0x0000000703400000, 0x0000000703400000| Untracked 
|   3|0x0000000703600000, 0x0000000703600000, 0x0000000703800000|  0%| F|  |TAMS 0x0000000703600000, 0x0000000703600000| Untracked 
|   4|0x0000000703800000, 0x0000000703800000, 0x0000000703a00000|  0%| F|  |TAMS 0x0000000703800000, 0x0000000703800000| Untracked 
|   5|0x0000000703a00000, 0x0000000703a00000, 0x0000000703c00000|  0%| F|  |TAMS 0x0000000703a00000, 0x0000000703a00000| Untracked 
|   6|0x0000000703c00000, 0x0000000703c00000, 0x0000000703e00000|  0%| F|  |TAMS 0x0000000703c00000, 0x0000000703c00000| Untracked 
|   7|0x0000000703e00000, 0x0000000703e00000, 0x0000000704000000|  0%| F|  |TAMS 0x0000000703e00000, 0x0000000703e00000| Untracked 
|   8|0x0000000704000000, 0x0000000704000000, 0x0000000704200000|  0%| F|  |TAMS 0x0000000704000000, 0x0000000704000000| Untracked 
|   9|0x0000000704200000, 0x0000000704200000, 0x0000000704400000|  0%| F|  |TAMS 0x0000000704200000, 0x0000000704200000| Untracked 
|  10|0x0000000704400000, 0x0000000704400000, 0x0000000704600000|  0%| F|  |TAMS 0x0000000704400000, 0x0000000704400000| Untracked 
|  11|0x0000000704600000, 0x0000000704600000, 0x0000000704800000|  0%| F|  |TAMS 0x0000000704600000, 0x0000000704600000| Untracked 
|  12|0x0000000704800000, 0x0000000704800000, 0x0000000704a00000|  0%| F|  |TAMS 0x0000000704800000, 0x0000000704800000| Untracked 
|  13|0x0000000704a00000, 0x0000000704a00000, 0x0000000704c00000|  0%| F|  |TAMS 0x0000000704a00000, 0x0000000704a00000| Untracked 
|  14|0x0000000704c00000, 0x0000000704c00000, 0x0000000704e00000|  0%| F|  |TAMS 0x0000000704c00000, 0x0000000704c00000| Untracked 
|  15|0x0000000704e00000, 0x0000000704e00000, 0x0000000705000000|  0%| F|  |TAMS 0x0000000704e00000, 0x0000000704e00000| Untracked 
|  16|0x0000000705000000, 0x0000000705000000, 0x0000000705200000|  0%| F|  |TAMS 0x0000000705000000, 0x0000000705000000| Untracked 
|  17|0x0000000705200000, 0x0000000705200000, 0x0000000705400000|  0%| F|  |TAMS 0x0000000705200000, 0x0000000705200000| Untracked 
|  18|0x0000000705400000, 0x0000000705400000, 0x0000000705600000|  0%| F|  |TAMS 0x0000000705400000, 0x0000000705400000| Untracked 
|  19|0x0000000705600000, 0x0000000705600000, 0x0000000705800000|  0%| F|  |TAMS 0x0000000705600000, 0x0000000705600000| Untracked 
|  20|0x0000000705800000, 0x0000000705800000, 0x0000000705a00000|  0%| F|  |TAMS 0x0000000705800000, 0x0000000705800000| Untracked 
|  21|0x0000000705a00000, 0x0000000705a00000, 0x0000000705c00000|  0%| F|  |TAMS 0x0000000705a00000, 0x0000000705a00000| Untracked 
|  22|0x0000000705c00000, 0x0000000705c00000, 0x0000000705e00000|  0%| F|  |TAMS 0x0000000705c00000, 0x0000000705c00000| Untracked 
|  23|0x0000000705e00000, 0x0000000705e00000, 0x0000000706000000|  0%| F|  |TAMS 0x0000000705e00000, 0x0000000705e00000| Untracked 
|  24|0x0000000706000000, 0x0000000706000000, 0x0000000706200000|  0%| F|  |TAMS 0x0000000706000000, 0x0000000706000000| Untracked 
|  25|0x0000000706200000, 0x0000000706200000, 0x0000000706400000|  0%| F|  |TAMS 0x0000000706200000, 0x0000000706200000| Untracked 
|  26|0x0000000706400000, 0x0000000706400000, 0x0000000706600000|  0%| F|  |TAMS 0x0000000706400000, 0x0000000706400000| Untracked 
|  27|0x0000000706600000, 0x0000000706600000, 0x0000000706800000|  0%| F|  |TAMS 0x0000000706600000, 0x0000000706600000| Untracked 
|  28|0x0000000706800000, 0x0000000706800000, 0x0000000706a00000|  0%| F|  |TAMS 0x0000000706800000, 0x0000000706800000| Untracked 
|  29|0x0000000706a00000, 0x0000000706a00000, 0x0000000706c00000|  0%| F|  |TAMS 0x0000000706a00000, 0x0000000706a00000| Untracked 
|  30|0x0000000706c00000, 0x0000000706c00000, 0x0000000706e00000|  0%| F|  |TAMS 0x0000000706c00000, 0x0000000706c00000| Untracked 
|  31|0x0000000706e00000, 0x0000000706e00000, 0x0000000707000000|  0%| F|  |TAMS 0x0000000706e00000, 0x0000000706e00000| Untracked 
|  32|0x0000000707000000, 0x0000000707000000, 0x0000000707200000|  0%| F|  |TAMS 0x0000000707000000, 0x0000000707000000| Untracked 
|  33|0x0000000707200000, 0x0000000707200000, 0x0000000707400000|  0%| F|  |TAMS 0x0000000707200000, 0x0000000707200000| Untracked 
|  34|0x0000000707400000, 0x0000000707400000, 0x0000000707600000|  0%| F|  |TAMS 0x0000000707400000, 0x0000000707400000| Untracked 
|  35|0x0000000707600000, 0x0000000707600000, 0x0000000707800000|  0%| F|  |TAMS 0x0000000707600000, 0x0000000707600000| Untracked 
|  36|0x0000000707800000, 0x0000000707800000, 0x0000000707a00000|  0%| F|  |TAMS 0x0000000707800000, 0x0000000707800000| Untracked 
|  37|0x0000000707a00000, 0x0000000707a00000, 0x0000000707c00000|  0%| F|  |TAMS 0x0000000707a00000, 0x0000000707a00000| Untracked 
|  38|0x0000000707c00000, 0x0000000707c00000, 0x0000000707e00000|  0%| F|  |TAMS 0x0000000707c00000, 0x0000000707c00000| Untracked 
|  39|0x0000000707e00000, 0x0000000707e00000, 0x0000000708000000|  0%| F|  |TAMS 0x0000000707e00000, 0x0000000707e00000| Untracked 
|  40|0x0000000708000000, 0x0000000708000000, 0x0000000708200000|  0%| F|  |TAMS 0x0000000708000000, 0x0000000708000000| Untracked 
|  41|0x0000000708200000, 0x0000000708200000, 0x0000000708400000|  0%| F|  |TAMS 0x0000000708200000, 0x0000000708200000| Untracked 
|  42|0x0000000708400000, 0x0000000708400000, 0x0000000708600000|  0%| F|  |TAMS 0x0000000708400000, 0x0000000708400000| Untracked 
|  43|0x0000000708600000, 0x0000000708600000, 0x0000000708800000|  0%| F|  |TAMS 0x0000000708600000, 0x0000000708600000| Untracked 
|  44|0x0000000708800000, 0x0000000708800000, 0x0000000708a00000|  0%| F|  |TAMS 0x0000000708800000, 0x0000000708800000| Untracked 
|  45|0x0000000708a00000, 0x0000000708a00000, 0x0000000708c00000|  0%| F|  |TAMS 0x0000000708a00000, 0x0000000708a00000| Untracked 
|  46|0x0000000708c00000, 0x0000000708c00000, 0x0000000708e00000|  0%| F|  |TAMS 0x0000000708c00000, 0x0000000708c00000| Untracked 
|  47|0x0000000708e00000, 0x0000000708e00000, 0x0000000709000000|  0%| F|  |TAMS 0x0000000708e00000, 0x0000000708e00000| Untracked 
|  48|0x0000000709000000, 0x0000000709000000, 0x0000000709200000|  0%| F|  |TAMS 0x0000000709000000, 0x0000000709000000| Untracked 
|  49|0x0000000709200000, 0x0000000709200000, 0x0000000709400000|  0%| F|  |TAMS 0x0000000709200000, 0x0000000709200000| Untracked 
|  50|0x0000000709400000, 0x0000000709400000, 0x0000000709600000|  0%| F|  |TAMS 0x0000000709400000, 0x0000000709400000| Untracked 
|  51|0x0000000709600000, 0x0000000709600000, 0x0000000709800000|  0%| F|  |TAMS 0x0000000709600000, 0x0000000709600000| Untracked 
|  52|0x0000000709800000, 0x0000000709800000, 0x0000000709a00000|  0%| F|  |TAMS 0x0000000709800000, 0x0000000709800000| Untracked 
|  53|0x0000000709a00000, 0x0000000709a00000, 0x0000000709c00000|  0%| F|  |TAMS 0x0000000709a00000, 0x0000000709a00000| Untracked 
|  54|0x0000000709c00000, 0x0000000709c00000, 0x0000000709e00000|  0%| F|  |TAMS 0x0000000709c00000, 0x0000000709c00000| Untracked 
|  55|0x0000000709e00000, 0x0000000709e00000, 0x000000070a000000|  0%| F|  |TAMS 0x0000000709e00000, 0x0000000709e00000| Untracked 
|  56|0x000000070a000000, 0x000000070a000000, 0x000000070a200000|  0%| F|  |TAMS 0x000000070a000000, 0x000000070a000000| Untracked 
|  57|0x000000070a200000, 0x000000070a200000, 0x000000070a400000|  0%| F|  |TAMS 0x000000070a200000, 0x000000070a200000| Untracked 
|  58|0x000000070a400000, 0x000000070a400000, 0x000000070a600000|  0%| F|  |TAMS 0x000000070a400000, 0x000000070a400000| Untracked 
|  59|0x000000070a600000, 0x000000070a600000, 0x000000070a800000|  0%| F|  |TAMS 0x000000070a600000, 0x000000070a600000| Untracked 
|  60|0x000000070a800000, 0x000000070a800000, 0x000000070aa00000|  0%| F|  |TAMS 0x000000070a800000, 0x000000070a800000| Untracked 
|  61|0x000000070aa00000, 0x000000070aa00000, 0x000000070ac00000|  0%| F|  |TAMS 0x000000070aa00000, 0x000000070aa00000| Untracked 
|  62|0x000000070ac00000, 0x000000070ac00000, 0x000000070ae00000|  0%| F|  |TAMS 0x000000070ac00000, 0x000000070ac00000| Untracked 
|  63|0x000000070ae00000, 0x000000070ae00000, 0x000000070b000000|  0%| F|  |TAMS 0x000000070ae00000, 0x000000070ae00000| Untracked 
|  64|0x000000070b000000, 0x000000070b000000, 0x000000070b200000|  0%| F|  |TAMS 0x000000070b000000, 0x000000070b000000| Untracked 
|  65|0x000000070b200000, 0x000000070b200000, 0x000000070b400000|  0%| F|  |TAMS 0x000000070b200000, 0x000000070b200000| Untracked 
|  66|0x000000070b400000, 0x000000070b400000, 0x000000070b600000|  0%| F|  |TAMS 0x000000070b400000, 0x000000070b400000| Untracked 
|  67|0x000000070b600000, 0x000000070b600000, 0x000000070b800000|  0%| F|  |TAMS 0x000000070b600000, 0x000000070b600000| Untracked 
|  68|0x000000070b800000, 0x000000070b800000, 0x000000070ba00000|  0%| F|  |TAMS 0x000000070b800000, 0x000000070b800000| Untracked 
|  69|0x000000070ba00000, 0x000000070ba00000, 0x000000070bc00000|  0%| F|  |TAMS 0x000000070ba00000, 0x000000070ba00000| Untracked 
|  70|0x000000070bc00000, 0x000000070bc00000, 0x000000070be00000|  0%| F|  |TAMS 0x000000070bc00000, 0x000000070bc00000| Untracked 
|  71|0x000000070be00000, 0x000000070be00000, 0x000000070c000000|  0%| F|  |TAMS 0x000000070be00000, 0x000000070be00000| Untracked 
|  72|0x000000070c000000, 0x000000070c000000, 0x000000070c200000|  0%| F|  |TAMS 0x000000070c000000, 0x000000070c000000| Untracked 
|  73|0x000000070c200000, 0x000000070c200000, 0x000000070c400000|  0%| F|  |TAMS 0x000000070c200000, 0x000000070c200000| Untracked 
|  74|0x000000070c400000, 0x000000070c400000, 0x000000070c600000|  0%| F|  |TAMS 0x000000070c400000, 0x000000070c400000| Untracked 
|  75|0x000000070c600000, 0x000000070c600000, 0x000000070c800000|  0%| F|  |TAMS 0x000000070c600000, 0x000000070c600000| Untracked 
|  76|0x000000070c800000, 0x000000070c800000, 0x000000070ca00000|  0%| F|  |TAMS 0x000000070c800000, 0x000000070c800000| Untracked 
|  77|0x000000070ca00000, 0x000000070ca00000, 0x000000070cc00000|  0%| F|  |TAMS 0x000000070ca00000, 0x000000070ca00000| Untracked 
|  78|0x000000070cc00000, 0x000000070cc00000, 0x000000070ce00000|  0%| F|  |TAMS 0x000000070cc00000, 0x000000070cc00000| Untracked 
|  79|0x000000070ce00000, 0x000000070ce00000, 0x000000070d000000|  0%| F|  |TAMS 0x000000070ce00000, 0x000000070ce00000| Untracked 
|  80|0x000000070d000000, 0x000000070d000000, 0x000000070d200000|  0%| F|  |TAMS 0x000000070d000000, 0x000000070d000000| Untracked 
|  81|0x000000070d200000, 0x000000070d200000, 0x000000070d400000|  0%| F|  |TAMS 0x000000070d200000, 0x000000070d200000| Untracked 
|  82|0x000000070d400000, 0x000000070d400000, 0x000000070d600000|  0%| F|  |TAMS 0x000000070d400000, 0x000000070d400000| Untracked 
|  83|0x000000070d600000, 0x000000070d600000, 0x000000070d800000|  0%| F|  |TAMS 0x000000070d600000, 0x000000070d600000| Untracked 
|  84|0x000000070d800000, 0x000000070d800000, 0x000000070da00000|  0%| F|  |TAMS 0x000000070d800000, 0x000000070d800000| Untracked 
|  85|0x000000070da00000, 0x000000070da00000, 0x000000070dc00000|  0%| F|  |TAMS 0x000000070da00000, 0x000000070da00000| Untracked 
|  86|0x000000070dc00000, 0x000000070dc00000, 0x000000070de00000|  0%| F|  |TAMS 0x000000070dc00000, 0x000000070dc00000| Untracked 
|  87|0x000000070de00000, 0x000000070de00000, 0x000000070e000000|  0%| F|  |TAMS 0x000000070de00000, 0x000000070de00000| Untracked 
|  88|0x000000070e000000, 0x000000070e000000, 0x000000070e200000|  0%| F|  |TAMS 0x000000070e000000, 0x000000070e000000| Untracked 
|  89|0x000000070e200000, 0x000000070e200000, 0x000000070e400000|  0%| F|  |TAMS 0x000000070e200000, 0x000000070e200000| Untracked 
|  90|0x000000070e400000, 0x000000070e400000, 0x000000070e600000|  0%| F|  |TAMS 0x000000070e400000, 0x000000070e400000| Untracked 
|  91|0x000000070e600000, 0x000000070e600000, 0x000000070e800000|  0%| F|  |TAMS 0x000000070e600000, 0x000000070e600000| Untracked 
|  92|0x000000070e800000, 0x000000070e800000, 0x000000070ea00000|  0%| F|  |TAMS 0x000000070e800000, 0x000000070e800000| Untracked 
|  93|0x000000070ea00000, 0x000000070ea00000, 0x000000070ec00000|  0%| F|  |TAMS 0x000000070ea00000, 0x000000070ea00000| Untracked 
|  94|0x000000070ec00000, 0x000000070ec00000, 0x000000070ee00000|  0%| F|  |TAMS 0x000000070ec00000, 0x000000070ec00000| Untracked 
|  95|0x000000070ee00000, 0x000000070ee00000, 0x000000070f000000|  0%| F|  |TAMS 0x000000070ee00000, 0x000000070ee00000| Untracked 
|  96|0x000000070f000000, 0x000000070f000000, 0x000000070f200000|  0%| F|  |TAMS 0x000000070f000000, 0x000000070f000000| Untracked 
|  97|0x000000070f200000, 0x000000070f200000, 0x000000070f400000|  0%| F|  |TAMS 0x000000070f200000, 0x000000070f200000| Untracked 
|  98|0x000000070f400000, 0x000000070f400000, 0x000000070f600000|  0%| F|  |TAMS 0x000000070f400000, 0x000000070f400000| Untracked 
|  99|0x000000070f600000, 0x000000070f600000, 0x000000070f800000|  0%| F|  |TAMS 0x000000070f600000, 0x000000070f600000| Untracked 
| 100|0x000000070f800000, 0x000000070f800000, 0x000000070fa00000|  0%| F|  |TAMS 0x000000070f800000, 0x000000070f800000| Untracked 
| 101|0x000000070fa00000, 0x000000070fa00000, 0x000000070fc00000|  0%| F|  |TAMS 0x000000070fa00000, 0x000000070fa00000| Untracked 
| 102|0x000000070fc00000, 0x000000070fc00000, 0x000000070fe00000|  0%| F|  |TAMS 0x000000070fc00000, 0x000000070fc00000| Untracked 
| 103|0x000000070fe00000, 0x000000070fe00000, 0x0000000710000000|  0%| F|  |TAMS 0x000000070fe00000, 0x000000070fe00000| Untracked 
| 104|0x0000000710000000, 0x0000000710000000, 0x0000000710200000|  0%| F|  |TAMS 0x0000000710000000, 0x0000000710000000| Untracked 
| 105|0x0000000710200000, 0x0000000710200000, 0x0000000710400000|  0%| F|  |TAMS 0x0000000710200000, 0x0000000710200000| Untracked 
| 106|0x0000000710400000, 0x0000000710400000, 0x0000000710600000|  0%| F|  |TAMS 0x0000000710400000, 0x0000000710400000| Untracked 
| 107|0x0000000710600000, 0x0000000710600000, 0x0000000710800000|  0%| F|  |TAMS 0x0000000710600000, 0x0000000710600000| Untracked 
| 108|0x0000000710800000, 0x0000000710800000, 0x0000000710a00000|  0%| F|  |TAMS 0x0000000710800000, 0x0000000710800000| Untracked 
| 109|0x0000000710a00000, 0x0000000710a00000, 0x0000000710c00000|  0%| F|  |TAMS 0x0000000710a00000, 0x0000000710a00000| Untracked 
| 110|0x0000000710c00000, 0x0000000710c00000, 0x0000000710e00000|  0%| F|  |TAMS 0x0000000710c00000, 0x0000000710c00000| Untracked 
| 111|0x0000000710e00000, 0x0000000710e00000, 0x0000000711000000|  0%| F|  |TAMS 0x0000000710e00000, 0x0000000710e00000| Untracked 
| 112|0x0000000711000000, 0x0000000711000000, 0x0000000711200000|  0%| F|  |TAMS 0x0000000711000000, 0x0000000711000000| Untracked 
| 113|0x0000000711200000, 0x0000000711200000, 0x0000000711400000|  0%| F|  |TAMS 0x0000000711200000, 0x0000000711200000| Untracked 
| 114|0x0000000711400000, 0x0000000711400000, 0x0000000711600000|  0%| F|  |TAMS 0x0000000711400000, 0x0000000711400000| Untracked 
| 115|0x0000000711600000, 0x0000000711600000, 0x0000000711800000|  0%| F|  |TAMS 0x0000000711600000, 0x0000000711600000| Untracked 
| 116|0x0000000711800000, 0x0000000711800000, 0x0000000711a00000|  0%| F|  |TAMS 0x0000000711800000, 0x0000000711800000| Untracked 
| 117|0x0000000711a00000, 0x0000000711a00000, 0x0000000711c00000|  0%| F|  |TAMS 0x0000000711a00000, 0x0000000711a00000| Untracked 
| 118|0x0000000711c00000, 0x0000000711c00000, 0x0000000711e00000|  0%| F|  |TAMS 0x0000000711c00000, 0x0000000711c00000| Untracked 
| 119|0x0000000711e00000, 0x0000000711e00000, 0x0000000712000000|  0%| F|  |TAMS 0x0000000711e00000, 0x0000000711e00000| Untracked 
| 120|0x0000000712000000, 0x0000000712071280, 0x0000000712200000| 22%| E|  |TAMS 0x0000000712000000, 0x0000000712000000| Complete 
| 121|0x0000000712200000, 0x0000000712400000, 0x0000000712400000|100%| E|CS|TAMS 0x0000000712200000, 0x0000000712200000| Complete 
| 122|0x0000000712400000, 0x0000000712600000, 0x0000000712600000|100%| E|CS|TAMS 0x0000000712400000, 0x0000000712400000| Complete 
| 123|0x0000000712600000, 0x0000000712800000, 0x0000000712800000|100%| E|CS|TAMS 0x0000000712600000, 0x0000000712600000| Complete 
| 124|0x0000000712800000, 0x0000000712a00000, 0x0000000712a00000|100%| E|CS|TAMS 0x0000000712800000, 0x0000000712800000| Complete 
| 125|0x0000000712a00000, 0x0000000712c00000, 0x0000000712c00000|100%| E|  |TAMS 0x0000000712a00000, 0x0000000712a00000| Complete 
| 126|0x0000000712c00000, 0x0000000712e00000, 0x0000000712e00000|100%| E|CS|TAMS 0x0000000712c00000, 0x0000000712c00000| Complete 

Card table byte_map: [0x000001c7dcef0000,0x000001c7dd6e0000] _byte_map_base: 0x000001c7d96d8000

Marking Bits (Prev, Next): (CMBitMap*) 0x000001c7c5cc0be0, (CMBitMap*) 0x000001c7c5cc0c20
 Prev Bits: [0x000001c7dded0000, 0x000001c7e1e10000)
 Next Bits: [0x000001c7e1e10000, 0x000001c7e5d50000)

Polling page: 0x000001c7c3b30000

Metaspace:

Usage:
  Non-class:      3.02 MB used.
      Class:    331.08 KB used.
       Both:      3.34 MB used.

Virtual space:
  Non-class space:        8.00 MB reserved,       3.13 MB ( 39%) committed,  1 nodes.
      Class space:        1.00 GB reserved,     384.00 KB ( <1%) committed,  1 nodes.
              Both:        1.01 GB reserved,       3.50 MB ( <1%) committed. 

Chunk freelists:
   Non-Class:  3.29 MB
       Class:  3.63 MB
        Both:  6.92 MB

MaxMetaspaceSize: 17179869184.00 GB
CompressedClassSpaceSize: 1.00 GB
 - commit_granule_bytes: 65536.
 - commit_granule_words: 8192.
 - virtual_space_node_default_size: 1048576.
 - enlarge_chunks_in_place: 1.
 - new_chunks_are_fully_committed: 0.
 - uncommit_free_chunks: 1.
 - use_allocation_guard: 0.
 - handle_deallocations: 1.


Internal statistics:

num_allocs_failed_limit: 0.
num_arena_births: 90.
num_arena_deaths: 0.
num_vsnodes_births: 2.
num_vsnodes_deaths: 0.
num_space_committed: 56.
num_space_uncommitted: 0.
num_chunks_returned_to_freelist: 0.
num_chunks_taken_from_freelist: 134.
num_chunk_merges: 0.
num_chunk_splits: 91.
num_chunks_enlarged: 58.
num_purges: 0.

CodeHeap 'non-profiled nmethods': size=120000Kb used=353Kb max_used=353Kb free=119647Kb
 bounds [0x000001c7d4ea0000, 0x000001c7d5110000, 0x000001c7dc3d0000]
CodeHeap 'profiled nmethods': size=120000Kb used=1502Kb max_used=1502Kb free=118497Kb
 bounds [0x000001c7cd970000, 0x000001c7cdbe0000, 0x000001c7d4ea0000]
CodeHeap 'non-nmethods': size=5760Kb used=1183Kb max_used=1204Kb free=4576Kb
 bounds [0x000001c7cd3d0000, 0x000001c7cd640000, 0x000001c7cd970000]
 total_blobs=1418 nmethods=941 adapters=390
 compilation: enabled
              stopped_count=0, restarted_count=0
 full_count=0

Compilation events (20 events):
Event: 12.487 Thread 0x000001c7e87b3d60  928       3       java.lang.Math::getExponent (17 bytes)
Event: 12.487 Thread 0x000001c7e87b3d60 nmethod 928 0x000001c7cdae5410 code [0x000001c7cdae55a0, 0x000001c7cdae56d8]
Event: 12.803 Thread 0x000001c7e87ad720  929       4       java.util.WeakHashMap::get (75 bytes)
Event: 12.805 Thread 0x000001c7e87ad720 nmethod 929 0x000001c7d4ef3990 code [0x000001c7d4ef3b20, 0x000001c7d4ef3d98]
Event: 12.870 Thread 0x000001c7e87b3d60  930       3       java.lang.Integer::toString (55 bytes)
Event: 12.870 Thread 0x000001c7e87b3d60 nmethod 930 0x000001c7cdae5790 code [0x000001c7cdae5960, 0x000001c7cdae5cf8]
Event: 12.886 Thread 0x000001c7e87b3d60  931       3       java.lang.String::valueOf (5 bytes)
Event: 12.886 Thread 0x000001c7e87b3d60 nmethod 931 0x000001c7cdae5e90 code [0x000001c7cdae6040, 0x000001c7cdae6148]
Event: 13.170 Thread 0x000001c7e87ad720  932       4       java.util.ArrayDeque::iterator (9 bytes)
Event: 13.171 Thread 0x000001c7e87ad720 nmethod 932 0x000001c7d4ef4090 code [0x000001c7d4ef4220, 0x000001c7d4ef4378]
Event: 13.186 Thread 0x000001c7e87ad720  933       4       org.bytedeco.javacpp.Pointer::init (52 bytes)
Event: 13.204 Thread 0x000001c7e87ad720 nmethod 933 0x000001c7d4ef4490 code [0x000001c7d4ef46a0, 0x000001c7d4ef5688]
Event: 13.204 Thread 0x000001c7e87ad720  934   !   4       org.bytedeco.javacpp.Pointer::deallocator (535 bytes)
Event: 13.211 Thread 0x000001c7e87ad720 nmethod 934 0x000001c7d4ef5f90 code [0x000001c7d4ef6180, 0x000001c7d4ef6bc8]
Event: 14.386 Thread 0x000001c7e87b3d60  935       3       java.lang.StringConcatHelper::prepend (22 bytes)
Event: 14.387 Thread 0x000001c7e87b3d60 nmethod 935 0x000001c7cdae6210 code [0x000001c7cdae63e0, 0x000001c7cdae6668]
Event: 14.387 Thread 0x000001c7e87b3d60  936       3       java.lang.StringConcatHelper::prepend (30 bytes)
Event: 14.387 Thread 0x000001c7e87b3d60 nmethod 936 0x000001c7cdae6790 code [0x000001c7cdae6940, 0x000001c7cdae6b18]
Event: 14.387 Thread 0x000001c7e87b3d60  941       3       reversi.graphicengine.GraphicEngine::CheckMenuButtonPressed (86 bytes)
Event: 14.387 Thread 0x000001c7e87b3d60 nmethod 941 0x000001c7cdae6c10 code [0x000001c7cdae6e40, 0x000001c7cdae7718]

GC Heap History (0 events):
No events

Deoptimization events (20 events):
Event: 1.962 Thread 0x000001c7c5c6d330 Uncommon trap: trap_request=0xffffffc6 fr.pc=0x000001c7d4ed06c8 relative=0x00000000000012a8
Event: 1.962 Thread 0x000001c7c5c6d330 Uncommon trap: reason=bimorphic_or_optimized_type_check action=maybe_recompile pc=0x000001c7d4ed06c8 method=java.util.HashMap.putVal(ILjava/lang/Object;Ljava/lang/Object;ZZ)Ljava/lang/Object; @ 56 c2
Event: 1.962 Thread 0x000001c7c5c6d330 DEOPT PACKING pc=0x000001c7d4ed06c8 sp=0x000000b678afe310
Event: 1.962 Thread 0x000001c7c5c6d330 DEOPT UNPACKING pc=0x000001c7cd41d72e sp=0x000000b678afe240 mode 2
Event: 1.962 Thread 0x000001c7c5c6d330 Uncommon trap: trap_request=0xffffffc6 fr.pc=0x000001c7d4ed06c8 relative=0x00000000000012a8
Event: 1.962 Thread 0x000001c7c5c6d330 Uncommon trap: reason=bimorphic_or_optimized_type_check action=maybe_recompile pc=0x000001c7d4ed06c8 method=java.util.HashMap.putVal(ILjava/lang/Object;Ljava/lang/Object;ZZ)Ljava/lang/Object; @ 56 c2
Event: 1.962 Thread 0x000001c7c5c6d330 DEOPT PACKING pc=0x000001c7d4ed06c8 sp=0x000000b678afe310
Event: 1.962 Thread 0x000001c7c5c6d330 DEOPT UNPACKING pc=0x000001c7cd41d72e sp=0x000000b678afe240 mode 2
Event: 1.962 Thread 0x000001c7c5c6d330 Uncommon trap: trap_request=0xffffffc6 fr.pc=0x000001c7d4ed06c8 relative=0x00000000000012a8
Event: 1.962 Thread 0x000001c7c5c6d330 Uncommon trap: reason=bimorphic_or_optimized_type_check action=maybe_recompile pc=0x000001c7d4ed06c8 method=java.util.HashMap.putVal(ILjava/lang/Object;Ljava/lang/Object;ZZ)Ljava/lang/Object; @ 56 c2
Event: 1.962 Thread 0x000001c7c5c6d330 DEOPT PACKING pc=0x000001c7d4ed06c8 sp=0x000000b678afe310
Event: 1.962 Thread 0x000001c7c5c6d330 DEOPT UNPACKING pc=0x000001c7cd41d72e sp=0x000000b678afe240 mode 2
Event: 1.962 Thread 0x000001c7c5c6d330 Uncommon trap: trap_request=0xffffffc6 fr.pc=0x000001c7d4ed06c8 relative=0x00000000000012a8
Event: 1.962 Thread 0x000001c7c5c6d330 Uncommon trap: reason=bimorphic_or_optimized_type_check action=maybe_recompile pc=0x000001c7d4ed06c8 method=java.util.HashMap.putVal(ILjava/lang/Object;Ljava/lang/Object;ZZ)Ljava/lang/Object; @ 56 c2
Event: 1.962 Thread 0x000001c7c5c6d330 DEOPT PACKING pc=0x000001c7d4ed06c8 sp=0x000000b678afe310
Event: 1.962 Thread 0x000001c7c5c6d330 DEOPT UNPACKING pc=0x000001c7cd41d72e sp=0x000000b678afe240 mode 2
Event: 5.970 Thread 0x000001c7c5c6d330 DEOPT PACKING pc=0x000001c7cdac0582 sp=0x000000b678afe950
Event: 5.970 Thread 0x000001c7c5c6d330 DEOPT UNPACKING pc=0x000001c7cd41dece sp=0x000000b678afdd78 mode 0
Event: 6.703 Thread 0x000001c7c5c6d330 DEOPT PACKING pc=0x000001c7cd9cadd6 sp=0x000000b678afe910
Event: 6.703 Thread 0x000001c7c5c6d330 DEOPT UNPACKING pc=0x000001c7cd41dece sp=0x000000b678afdd98 mode 0

Classes unloaded (0 events):
No events

Classes redefined (0 events):
No events

Internal exceptions (16 events):
Event: 0.334 Thread 0x000001c7e93c2e70 Exception <a 'java/lang/NoSuchMethodError'{0x0000000712843630}: 'java.lang.Object java.lang.invoke.DirectMethodHandle$Holder.invokeStatic(java.lang.Object)'> (0x0000000712843630) 
thrown [t:\workspace\open\src\hotspot\share\interpreter\linkResolver.cpp, line 790]
Event: 0.335 Thread 0x000001c7e93c2e70 Exception <a 'java/lang/NoSuchMethodError'{0x0000000712846f40}: 'java.lang.Object java.lang.invoke.DirectMethodHandle$Holder.invokeStaticInit(java.lang.Object)'> (0x0000000712846f40) 
thrown [t:\workspace\open\src\hotspot\share\interpreter\linkResolver.cpp, line 790]
Event: 0.358 Thread 0x000001c7e93c2e70 Exception <a 'java/lang/NoSuchMethodError'{0x0000000712854ca8}: 'void java.lang.invoke.DirectMethodHandle$Holder.invokeStatic(java.lang.Object, java.lang.Object)'> (0x0000000712854ca8) 
thrown [t:\workspace\open\src\hotspot\share\interpreter\linkResolver.cpp, line 790]
Event: 0.481 Thread 0x000001c7c5c6d330 Exception <a 'java/lang/NoSuchMethodError'{0x00000007128ffe40}: 'java.lang.Object java.lang.invoke.DirectMethodHandle$Holder.invokeStaticInit(java.lang.Object, int, int, int, int)'> (0x00000007128ffe40) 
thrown [t:\workspace\open\src\hotspot\share\interpreter\linkResolver.cpp, line 790]
Event: 0.699 Thread 0x000001c7c5c6d330 Exception <a 'java/lang/NoSuchMethodError'{0x0000000712954c28}: 'java.lang.Object java.lang.invoke.DirectMethodHandle$Holder.invokeStaticInit(java.lang.Object, java.lang.Object, int, int, int, int)'> (0x0000000712954c28) 
thrown [t:\workspace\open\src\hotspot\share\interpreter\linkResolver.cpp, line 790]
Event: 1.830 Thread 0x000001c7c5c6d330 Exception <a 'java/lang/NoSuchMethodError'{0x000000071269f688}: 'java.lang.Object java.lang.invoke.DirectMethodHandle$Holder.invokeInterface(java.lang.Object, java.lang.Object)'> (0x000000071269f688) 
thrown [t:\workspace\open\src\hotspot\share\interpreter\linkResolver.cpp, line 790]
Event: 1.832 Thread 0x000001c7c5c6d330 Exception <a 'java/lang/NoSuchMethodError'{0x00000007126a7a98}: 'java.lang.Object java.lang.invoke.DirectMethodHandle$Holder.invokeStaticInit(java.lang.Object, java.lang.Object, java.lang.Object)'> (0x00000007126a7a98) 
thrown [t:\workspace\open\src\hotspot\share\interpreter\linkResolver.cpp, line 790]
Event: 1.842 Thread 0x000001c7c5c6d330 Exception <a 'java/lang/NoSuchMethodError'{0x00000007126cd020}: 'int java.lang.invoke.DirectMethodHandle$Holder.invokeSpecial(java.lang.Object, java.lang.Object, java.lang.Object)'> (0x00000007126cd020) 
thrown [t:\workspace\open\src\hotspot\share\interpreter\linkResolver.cpp, line 790]
Event: 1.898 Thread 0x000001c7c5c6d330 Exception <a 'java/lang/NoSuchMethodError'{0x0000000712755890}: 'int java.lang.invoke.DirectMethodHandle$Holder.invokeStaticInit(java.lang.Object, java.lang.Object, java.lang.Object, java.lang.Object)'> (0x0000000712755890) 
thrown [t:\workspace\open\src\hotspot\share\interpreter\linkResolver.cpp, line 790]
Event: 1.900 Thread 0x000001c7c5c6d330 Exception <a 'java/lang/IncompatibleClassChangeError'{0x000000071275f270}: Found class java.lang.Object, but interface was expected> (0x000000071275f270) 
thrown [t:\workspace\open\src\hotspot\share\interpreter\linkResolver.cpp, line 857]
Event: 1.900 Thread 0x000001c7c5c6d330 Exception <a 'java/lang/NoSuchMethodError'{0x0000000712762168}: 'void java.lang.invoke.DirectMethodHandle$Holder.invokeStaticInit(java.lang.Object, java.lang.Object)'> (0x0000000712762168) 
thrown [t:\workspace\open\src\hotspot\share\interpreter\linkResolver.cpp, line 790]
Event: 1.901 Thread 0x000001c7c5c6d330 Exception <a 'java/lang/NoSuchMethodError'{0x0000000712767e58}: 'int java.lang.invoke.DirectMethodHandle$Holder.invokeStaticInit(java.lang.Object, java.lang.Object)'> (0x0000000712767e58) 
thrown [t:\workspace\open\src\hotspot\share\interpreter\linkResolver.cpp, line 790]
Event: 1.978 Thread 0x000001c7c5c6d330 Exception <a 'java/lang/NoSuchMethodError'{0x0000000712482130}: 'void java.lang.invoke.DirectMethodHandle$Holder.invokeSpecial(java.lang.Object, java.lang.Object, java.lang.Object)'> (0x0000000712482130) 
thrown [t:\workspace\open\src\hotspot\share\interpreter\linkResolver.cpp, line 790]
Event: 1.984 Thread 0x000001c7c5c6d330 Exception <a 'java/lang/NoSuchMethodError'{0x00000007124939b0}: 'java.lang.Object java.lang.invoke.DirectMethodHandle$Holder.invokeStatic(java.lang.Object, int, java.lang.Object)'> (0x00000007124939b0) 
thrown [t:\workspace\open\src\hotspot\share\interpreter\linkResolver.cpp, line 790]
Event: 3.466 Thread 0x000001c7c5c6d330 Exception <a 'java/lang/NoSuchMethodError'{0x00000007125ff528}: 'java.lang.Object java.lang.invoke.DirectMethodHandle$Holder.invokeSpecial(java.lang.Object, java.lang.Object, java.lang.Object, java.lang.Object, int)'> (0x00000007125ff528) 
thrown [t:\workspace\open\src\hotspot\share\interpreter\linkResolver.cpp, line 790]
Event: 3.466 Thread 0x000001c7c5c6d330 Exception <a 'java/lang/NoSuchMethodError'{0x00000007122038b8}: 'java.lang.Object java.lang.invoke.Invokers$Holder.linkToTargetMethod(java.lang.Object, java.lang.Object, int, java.lang.Object)'> (0x00000007122038b8) 
thrown [t:\workspace\open\src\hotspot\share\interpreter\linkResolver.cpp, line 790]

Events (20 events):
Event: 2.167 loading class java/lang/NumberFormatException done
Event: 2.169 Thread 0x000001c7e9891980 Thread added: 0x000001c7e9891980
Event: 2.923 Executing  VM operation: Cleanup
Event: 2.923 Executing  VM operation: Cleanup done
Event: 3.429 loading class java/lang/NoSuchFieldError
Event: 3.429 loading class java/lang/NoSuchFieldError done
Event: 3.458 loading class java/lang/StrictMath
Event: 3.458 loading class java/lang/StrictMath done
Event: 3.923 Executing  VM operation: Cleanup
Event: 3.923 Executing  VM operation: Cleanup done
Event: 6.925 Executing  VM operation: Cleanup
Event: 6.926 Executing  VM operation: Cleanup done
Event: 8.303 loading class java/io/FilenameFilter
Event: 8.303 loading class java/io/FilenameFilter done
Event: 10.927 Executing  VM operation: Cleanup
Event: 10.927 Executing  VM operation: Cleanup done
Event: 11.927 Executing  VM operation: Cleanup
Event: 11.928 Executing  VM operation: Cleanup done
Event: 13.928 Executing  VM operation: Cleanup
Event: 13.928 Executing  VM operation: Cleanup done


Dynamic libraries:
0x00007ff66f860000 - 0x00007ff66f86e000 	C:\Users\is725664\.jdks\openjdk-16.0.1\bin\java.exe
0x00007ffd28240000 - 0x00007ffd28430000 	C:\WINDOWS\SYSTEM32\ntdll.dll
0x00007ffd27a90000 - 0x00007ffd27b42000 	C:\WINDOWS\System32\KERNEL32.DLL
0x00007ffd256f0000 - 0x00007ffd25993000 	C:\WINDOWS\System32\KERNELBASE.dll
0x00007ffd251d0000 - 0x00007ffd252ca000 	C:\WINDOWS\System32\ucrtbase.dll
0x00007ffd08840000 - 0x00007ffd08858000 	C:\Users\is725664\.jdks\openjdk-16.0.1\bin\jli.dll
0x00007ffd07870000 - 0x00007ffd07889000 	C:\Users\is725664\.jdks\openjdk-16.0.1\bin\VCRUNTIME140.dll
0x00007ffd0a660000 - 0x00007ffd0a8e5000 	C:\WINDOWS\WinSxS\amd64_microsoft.windows.common-controls_6595b64144ccf1df_6.0.18362.628_none_e6c6b62f130d50fc\COMCTL32.dll
0x00007ffd26960000 - 0x00007ffd26af4000 	C:\WINDOWS\System32\USER32.dll
0x00007ffd259a0000 - 0x00007ffd259c1000 	C:\WINDOWS\System32\win32u.dll
0x00007ffd268c0000 - 0x00007ffd2695e000 	C:\WINDOWS\System32\msvcrt.dll
0x00007ffd272f0000 - 0x00007ffd27316000 	C:\WINDOWS\System32\GDI32.dll
0x00007ffd27c50000 - 0x00007ffd27f86000 	C:\WINDOWS\System32\combase.dll
0x00007ffd252f0000 - 0x00007ffd25484000 	C:\WINDOWS\System32\gdi32full.dll
0x00007ffd26fb0000 - 0x00007ffd270d0000 	C:\WINDOWS\System32\RPCRT4.dll
0x00007ffd261d0000 - 0x00007ffd2626e000 	C:\WINDOWS\System32\msvcp_win.dll
0x00007ffd26270000 - 0x00007ffd262f0000 	C:\WINDOWS\System32\bcryptPrimitives.dll
0x00007ffd27b50000 - 0x00007ffd27b7e000 	C:\WINDOWS\System32\IMM32.DLL
0x00007ffd1d840000 - 0x00007ffd1d84c000 	C:\Users\is725664\.jdks\openjdk-16.0.1\bin\vcruntime140_1.dll
0x00007ffccc6a0000 - 0x00007ffccc731000 	C:\Users\is725664\.jdks\openjdk-16.0.1\bin\msvcp140.dll
0x00007ffc99d70000 - 0x00007ffc9a91b000 	C:\Users\is725664\.jdks\openjdk-16.0.1\bin\server\jvm.dll
0x00007ffd28010000 - 0x00007ffd280b3000 	C:\WINDOWS\System32\ADVAPI32.dll
0x00007ffd270d0000 - 0x00007ffd27167000 	C:\WINDOWS\System32\sechost.dll
0x00007ffd0f8a0000 - 0x00007ffd0f8a9000 	C:\WINDOWS\SYSTEM32\WSOCK32.dll
0x00007ffd22ea0000 - 0x00007ffd22ec4000 	C:\WINDOWS\SYSTEM32\WINMM.dll
0x00007ffd27220000 - 0x00007ffd27228000 	C:\WINDOWS\System32\PSAPI.DLL
0x00007ffd27f90000 - 0x00007ffd27fff000 	C:\WINDOWS\System32\WS2_32.dll
0x00007ffd22e70000 - 0x00007ffd22e9d000 	C:\WINDOWS\SYSTEM32\winmmbase.dll
0x00007ffd259d0000 - 0x00007ffd25a1a000 	C:\WINDOWS\System32\cfgmgr32.dll
0x00007ffd1fac0000 - 0x00007ffd1faca000 	C:\WINDOWS\SYSTEM32\VERSION.dll
0x00007ffd251b0000 - 0x00007ffd251c1000 	C:\WINDOWS\System32\kernel.appcore.dll
0x00007ffd0bb30000 - 0x00007ffd0bb3a000 	C:\Users\is725664\.jdks\openjdk-16.0.1\bin\jimage.dll
0x00007ffd23870000 - 0x00007ffd23a64000 	C:\WINDOWS\SYSTEM32\DBGHELP.DLL
0x00007ffd15cc0000 - 0x00007ffd15cea000 	C:\WINDOWS\SYSTEM32\dbgcore.DLL
0x00007ffd0b900000 - 0x00007ffd0b90e000 	C:\Users\is725664\.jdks\openjdk-16.0.1\bin\instrument.dll
0x00007ffd07840000 - 0x00007ffd07865000 	C:\Users\is725664\.jdks\openjdk-16.0.1\bin\java.dll
0x00007ffd273a0000 - 0x00007ffd27a85000 	C:\WINDOWS\System32\SHELL32.dll
0x00007ffd27170000 - 0x00007ffd27219000 	C:\WINDOWS\System32\shcore.dll
0x00007ffd25a50000 - 0x00007ffd261cf000 	C:\WINDOWS\System32\windows.storage.dll
0x00007ffd25140000 - 0x00007ffd2515f000 	C:\WINDOWS\System32\profapi.dll
0x00007ffd25160000 - 0x00007ffd251aa000 	C:\WINDOWS\System32\powrprof.dll
0x00007ffd25110000 - 0x00007ffd25120000 	C:\WINDOWS\System32\UMPDC.dll
0x00007ffd26da0000 - 0x00007ffd26df2000 	C:\WINDOWS\System32\shlwapi.dll
0x00007ffd252d0000 - 0x00007ffd252e7000 	C:\WINDOWS\System32\cryptsp.dll
0x00007ffcfe5d0000 - 0x00007ffcfe5e8000 	C:\Users\is725664\.jdks\openjdk-16.0.1\bin\zip.dll
0x00007ffd07820000 - 0x00007ffd07839000 	C:\Users\is725664\.jdks\openjdk-16.0.1\bin\net.dll
0x00007ffd1e590000 - 0x00007ffd1e680000 	C:\WINDOWS\SYSTEM32\WINHTTP.dll
0x00007ffd24930000 - 0x00007ffd24997000 	C:\WINDOWS\system32\mswsock.dll
0x00007ffd07800000 - 0x00007ffd07813000 	C:\Users\is725664\.jdks\openjdk-16.0.1\bin\nio.dll
0x00007ffcfcbe0000 - 0x00007ffcfcbfa000 	C:\Program Files\JetBrains\IntelliJ IDEA Community Edition 2020.3.1\bin\breakgen64.dll
0x00007ffd244b0000 - 0x00007ffd244e3000 	C:\WINDOWS\system32\rsaenh.dll
0x00007ffd25a20000 - 0x00007ffd25a46000 	C:\WINDOWS\System32\bcrypt.dll
0x00007ffd25030000 - 0x00007ffd25055000 	C:\WINDOWS\SYSTEM32\USERENV.dll
0x00007ffd24b60000 - 0x00007ffd24b6c000 	C:\WINDOWS\SYSTEM32\CRYPTBASE.dll
0x00007ffd24650000 - 0x00007ffd2468a000 	C:\WINDOWS\SYSTEM32\IPHLPAPI.DLL
0x00007ffd28000000 - 0x00007ffd28008000 	C:\WINDOWS\System32\NSI.dll
0x00007ffd21150000 - 0x00007ffd21166000 	C:\WINDOWS\SYSTEM32\dhcpcsvc6.DLL
0x00007ffd21130000 - 0x00007ffd2114c000 	C:\WINDOWS\SYSTEM32\dhcpcsvc.DLL
0x00007ffd24690000 - 0x00007ffd2475a000 	C:\WINDOWS\SYSTEM32\DNSAPI.dll
0x000000006b280000 - 0x000000006b2a7000 	C:\Users\is725664\AppData\Local\Temp\libreversi_game_engine15689945403302710161.dll
0x00007ffd0b870000 - 0x00007ffd0b879000 	C:\Users\is725664\.jdks\openjdk-16.0.1\bin\management.dll
0x00007ffd0b730000 - 0x00007ffd0b73b000 	C:\Users\is725664\.jdks\openjdk-16.0.1\bin\management_ext.dll
0x00007ffcca240000 - 0x00007ffcca36f000 	C:\Users\is725664\.javacpp\cache\jaylib.jar\com\raylib\windows-x86_64\raylib.dll
0x00007ffccb440000 - 0x00007ffccb4cb000 	C:\Users\is725664\.javacpp\cache\jaylib.jar\com\raylib\windows-x86_64\jniRaylib.dll
0x00007ffd230b0000 - 0x00007ffd23149000 	C:\WINDOWS\system32\uxtheme.dll
0x00007ffd24f10000 - 0x00007ffd24f3a000 	C:\WINDOWS\SYSTEM32\DEVOBJ.dll
0x00007ffd234d0000 - 0x00007ffd234fd000 	C:\WINDOWS\SYSTEM32\dwmapi.dll
0x00007ffd13c70000 - 0x00007ffd13d8a000 	C:\WINDOWS\SYSTEM32\inputhost.dll
0x00007ffd20e50000 - 0x00007ffd20f3f000 	C:\WINDOWS\SYSTEM32\PROPSYS.dll
0x00007ffd22a30000 - 0x00007ffd22b04000 	C:\WINDOWS\SYSTEM32\CoreMessaging.dll
0x00007ffd1f560000 - 0x00007ffd1f88a000 	C:\WINDOWS\SYSTEM32\CoreUIComponents.dll
0x00007ffd20bc0000 - 0x00007ffd20d13000 	C:\WINDOWS\SYSTEM32\wintypes.dll
0x00007ffd27b80000 - 0x00007ffd27c44000 	C:\WINDOWS\System32\OLEAUT32.dll
0x00007ffd23e00000 - 0x00007ffd23e31000 	C:\WINDOWS\SYSTEM32\ntmarta.dll
0x00007ffd26b00000 - 0x00007ffd26c35000 	C:\WINDOWS\System32\MSCTF.dll
0x00007ffcf3ed0000 - 0x00007ffcf4026000 	C:\WINDOWS\SYSTEM32\opengl32.dll
0x00007ffcf78d0000 - 0x00007ffcf78fc000 	C:\WINDOWS\SYSTEM32\GLU32.dll
0x00007ffd23e70000 - 0x00007ffd23e90000 	C:\WINDOWS\SYSTEM32\dxcore.dll
0x00007ffc94f20000 - 0x00007ffc95e85000 	C:\WINDOWS\System32\DriverStore\FileRepository\iigd_dch.inf_amd64_5ae0ef61f9d83d80\ig9icd64.dll
0x00007ffd26c40000 - 0x00007ffd26d96000 	C:\WINDOWS\System32\OLE32.DLL
0x00007ffd23f00000 - 0x00007ffd23feb000 	C:\WINDOWS\system32\dxgi.dll
0x00007ffd174e0000 - 0x00007ffd1985f000 	C:\WINDOWS\System32\DriverStore\FileRepository\iigd_dch.inf_amd64_5ae0ef61f9d83d80\igc64.dll
0x00007ffd13d90000 - 0x00007ffd13e2e000 	C:\WINDOWS\System32\TextInputFramework.dll
0x00007ffd164e0000 - 0x00007ffd16786000 	C:\WINDOWS\System32\iertutil.dll
0x00007ffd27240000 - 0x00007ffd272e2000 	C:\WINDOWS\System32\clbcatq.dll
0x00007ffd15830000 - 0x00007ffd158a2000 	C:\WINDOWS\System32\MMDevApi.dll
0x00007ffd128c0000 - 0x00007ffd12a1d000 	C:\WINDOWS\SYSTEM32\AUDIOSES.DLL
0x00007ffd233d0000 - 0x00007ffd233e4000 	C:\WINDOWS\SYSTEM32\resourcepolicyclient.dll

dbghelp: loaded successfully - version: 4.0.5 - missing functions: none
symbol engine: initialized successfully - sym options: 0x614 - pdb path: .;C:\Users\is725664\.jdks\openjdk-16.0.1\bin;C:\WINDOWS\SYSTEM32;C:\WINDOWS\WinSxS\amd64_microsoft.windows.common-controls_6595b64144ccf1df_6.0.18362.628_none_e6c6b62f130d50fc;C:\Users\is725664\.jdks\openjdk-16.0.1\bin\server;C:\Program Files\JetBrains\IntelliJ IDEA Community Edition 2020.3.1\bin;C:\Users\is725664\AppData\Local\Temp;C:\Users\is725664\.javacpp\cache\jaylib.jar\com\raylib\windows-x86_64;C:\WINDOWS\System32\DriverStore\FileRepository\iigd_dch.inf_amd64_5ae0ef61f9d83d80

VM Arguments:
jvm_args: -javaagent:C:\Program Files\JetBrains\IntelliJ IDEA Community Edition 2020.3.1\lib\idea_rt.jar=57588:C:\Program Files\JetBrains\IntelliJ IDEA Community Edition 2020.3.1\bin -Dfile.encoding=UTF-8 
java_command: reversi.game.Game
java_class_path (initial): C:\Program Files\Java\jdk1.8.0_261\jre\lib\charsets.jar;C:\Program Files\Java\jdk1.8.0_261\jre\lib\deploy.jar;C:\Program Files\Java\jdk1.8.0_261\jre\lib\ext\access-bridge-64.jar;C:\Program Files\Java\jdk1.8.0_261\jre\lib\ext\cldrdata.jar;C:\Program Files\Java\jdk1.8.0_261\jre\lib\ext\dnsns.jar;C:\Program Files\Java\jdk1.8.0_261\jre\lib\ext\jaccess.jar;C:\Program Files\Java\jdk1.8.0_261\jre\lib\ext\jfxrt.jar;C:\Program Files\Java\jdk1.8.0_261\jre\lib\ext\localedata.jar;C:\Program Files\Java\jdk1.8.0_261\jre\lib\ext\nashorn.jar;C:\Program Files\Java\jdk1.8.0_261\jre\lib\ext\sunec.jar;C:\Program Files\Java\jdk1.8.0_261\jre\lib\ext\sunjce_provider.jar;C:\Program Files\Java\jdk1.8.0_261\jre\lib\ext\sunmscapi.jar;C:\Program Files\Java\jdk1.8.0_261\jre\lib\ext\sunpkcs11.jar;C:\Program Files\Java\jdk1.8.0_261\jre\lib\ext\zipfs.jar;C:\Program Files\Java\jdk1.8.0_261\jre\lib\javaws.jar;C:\Program Files\Java\jdk1.8.0_261\jre\lib\jce.jar;C:\Program Files\Java\jdk1.8.0_261\jre\lib\jfr.jar;C:\Program Files\Java\jdk1.8.0_261\jre\lib\jfxswt.jar;C:\Program Files\Java\jdk1.8.0_261\jre\lib\jsse.jar;C:\Program Files\Java\jdk1.8.0_261\jre\lib\management-agent.jar;C:\Program Files\Java\jdk1.8.0_261\jre\lib\plugin.jar;C:\Program Files\Java\jdk1.8.0_261\jre\lib\resources.jar;C:\Program Files\Java\jdk1.8.0_261\jre\lib\rt.jar;C:\Users\is725664\Desktop\Reversi_Java\out\production\Reversi_Java;C:\Users\is725664\Desktop\Reversi_Java\external_libs\jaylib.jar
Launcher Type: SUN_STANDARD

[Global flags]
     intx CICompilerCount                          = 4                                         {product} {ergonomic}
     uint ConcGCThreads                            = 2                                         {product} {ergonomic}
     uint G1ConcRefinementThreads                  = 8                                         {product} {ergonomic}
   size_t G1HeapRegionSize                         = 2097152                                   {product} {ergonomic}
    uintx GCDrainStackTargetSize                   = 64                                        {product} {ergonomic}
   size_t InitialHeapSize                          = 266338304                                 {product} {ergonomic}
   size_t MarkStackSize                            = 4194304                                   {product} {ergonomic}
   size_t MaxHeapSize                              = 4244635648                                {product} {ergonomic}
   size_t MaxNewSize                               = 2545942528                                {product} {ergonomic}
   size_t MinHeapDeltaBytes                        = 2097152                                   {product} {ergonomic}
   size_t MinHeapSize                              = 8388608                                   {product} {ergonomic}
    uintx NonNMethodCodeHeapSize                   = 5839372                                {pd product} {ergonomic}
    uintx NonProfiledCodeHeapSize                  = 122909434                              {pd product} {ergonomic}
    uintx ProfiledCodeHeapSize                     = 122909434                              {pd product} {ergonomic}
    uintx ReservedCodeCacheSize                    = 251658240                              {pd product} {ergonomic}
     bool SegmentedCodeCache                       = true                                      {product} {ergonomic}
   size_t SoftMaxHeapSize                          = 4244635648                             {manageable} {ergonomic}
     bool UseCompressedClassPointers               = true                           {product lp64_product} {ergonomic}
     bool UseCompressedOops                        = true                           {product lp64_product} {ergonomic}
     bool UseG1GC                                  = true                                      {product} {ergonomic}
     bool UseLargePagesIndividualAllocation        = false                                  {pd product} {ergonomic}

Logging:
Log output configuration:
 #0: stdout all=warning uptime,level,tags
 #1: stderr all=off uptime,level,tags

Environment Variables:
PATH=C:\Program Files (x86)\Common Files\Oracle\Java\javapath;C:\WINDOWS\system32;C:\WINDOWS;C:\WINDOWS\System32\Wbem;C:\WINDOWS\System32\WindowsPowerShell\v1.0\;C:\WINDOWS\System32\OpenSSH\;C:\Program Files\Git\cmd;C:\Program Files\nodejs\;C:\Program Files\Docker\Docker\resources\bin;C:\ProgramData\DockerDesktop\version-bin;C:\Users\is725664\AppData\Local\Programs\Python\Python38-32\Scripts\;C:\Users\is725664\AppData\Local\Programs\Python\Python38-32\;C:\Users\is725664\AppData\Local\Microsoft\WindowsApps;C:\Users\is725664\AppData\Local\Programs\Microsoft VS Code\bin;C:\Users\is725664\AppData\Roaming\npm;C:\Program Files\JetBrains\CLion 2019.3.5\bin;;C:\Users\is725664\AppData\Local\GitHubDesktop\bin
USERNAME=is725664
OS=Windows_NT
PROCESSOR_IDENTIFIER=Intel64 Family 6 Model 142 Stepping 12, GenuineIntel



---------------  S Y S T E M  ---------------

OS:
 Windows 10 , 64 bit Build 18362 (10.0.18362.329)
OS uptime: 7 days 17:08 hours
Hyper-V role detected

CPU: total 8 (initial active 8) (4 cores per cpu, 2 threads per core) family 6 model 142 stepping 12 microcode 0xde, cx8, cmov, fxsr, ht, mmx, 3dnowpref, sse, sse2, sse3, ssse3, sse4.1, sse4.2, popcnt, lzcnt, tsc, tscinvbit, avx, avx2, aes, erms, clmul, bmi1, bmi2, adx, fma, vzeroupper, clflush, clflushopt, hv

Memory: 4k page, system-wide physical 16190M (3143M free)
TotalPageFile size 27454M (AvailPageFile size 6272M)
current process WorkingSet (physical memory assigned to process): 80M, peak: 113M
current process commit charge ("private bytes"): 358M, peak: 375M

vm_info: OpenJDK 64-Bit Server VM (16.0.1+9-24) for windows-amd64 JRE (16.0.1+9-24), built on Mar 26 2021 19:30:07 by "mach5one" with MS VC++ 16.7 (VS2019)

END.
